make all --print-data-base --no-builtin-variables --no-builtin-rules --question
# GNU Make 4.3
# Built for x86_64-redhat-linux-gnu
# Copyright (C) 1988-2020 Free Software Foundation, Inc.
# License GPLv3+: GNU GPL version 3 or later <http://gnu.org/licenses/gpl.html>
# This is free software: you are free to change and redistribute it.
# There is NO WARRANTY, to the extent permitted by law.
 

# Make data base, printed on Sun Jul 17 18:40:06 2022

# Variables

# environment
JAVA_HOME = /usr/lib/jvm/zulu-17
# environment
GDK_BACKEND = x11
# environment
LC_ALL = C
# environment
NO_AT_BRIDGE = 1
# environment
GJS_DEBUG_OUTPUT = stderr
# environment
VSCODE_IPC_HOOK_EXTHOST = /run/user/1000/vscode-ipc-c96456f8-166d-490d-bceb-4263fd05c971.sock
# environment
LC_NUMERIC = pl_PL.UTF-8
# environment
VSCODE_CWD = /home/olile
# environment
GDM_LANG = en_US.UTF-8
# default
MAKE_COMMAND := make
# environment
define BASH_FUNC_which%%
() {  ( alias;
 eval ${which_declare} ) | /usr/bin/which --tty-only --read-alias --read-functions --show-tilde --show-dot $@
}
endef
# automatic
@D = $(patsubst %/,%,$(dir $@))
# environment
VSCODE_HANDLES_UNCAUGHT_ERRORS = true
# default
.VARIABLES := 
# environment
PWD = /home/olile/Documents/Programming/CPP/window/smoke
# automatic
%D = $(patsubst %/,%,$(dir $%))
# environment
HOSTNAME = oliwier-laptop
# environment
MAIL = /var/spool/mail/olile
# environment
STEAM_FRAME_FORCE_CLOSE = 1
# environment
XDG_DATA_DIRS = /home/olile/.local/share/flatpak/exports/share:/var/lib/flatpak/exports/share:/usr/local/share/:/usr/share/
# automatic
^D = $(patsubst %/,%,$(dir $^))
# environment
VSCODE_LOG_STACK = false
# automatic
%F = $(notdir $%)
# environment
VSCODE_CODE_CACHE_PATH = /home/olile/.config/Code/CachedData/30d9c6cd9483b2cc586687151bcbcd635f373630
# environment
LANG = C
# environment
GUESTFISH_OUTPUT = \e[0m
# environment
XAUTHORITY = /run/user/1000/.mutter-Xwaylandauth.FBFOP1
# default
.LOADED := 
# default
.INCLUDE_DIRS = /usr/include /usr/local/include /usr/include
# environment
GUESTFISH_INIT = \e[1;34m
# makefile
MAKEFLAGS = pqrR
# makefile
CURDIR := /home/olile/Documents/Programming/CPP/window/smoke
# environment
VSCODE_PIPE_LOGGING = true
# environment
APPLICATION_INSIGHTS_NO_DIAGNOSTIC_CHANNEL = 1
# environment
LESSOPEN = ||/usr/bin/lesspipe.sh %s
# automatic
*D = $(patsubst %/,%,$(dir $*))
# environment
MFLAGS = -pqrR
# environment
SSH_AUTH_SOCK = /run/user/1000/keyring/ssh
# default
.SHELLFLAGS := -c
# environment
WAYLAND_DISPLAY = wayland-0
# environment
HISTSIZE = 1000
# automatic
+D = $(patsubst %/,%,$(dir $+))
# environment
XDG_SESSION_DESKTOP = gnome
# makefile (from 'makefile', line 1)
MAKEFILE_LIST := makefile
# automatic
@F = $(notdir $@)
# environment
VSCODE_VERBOSE_LOGGING = true
# environment
VSCODE_PID = 61014
# environment
SDL_VIDEO_MINIMIZE_ON_FOCUS_LOSS = 0
# environment
XDG_SESSION_TYPE = wayland
# automatic
?D = $(patsubst %/,%,$(dir $?))
# environment
SESSION_MANAGER = local/unix:@/tmp/.ICE-unix/2340,unix/unix:/tmp/.ICE-unix/2340
# automatic
*F = $(notdir $*)
# environment
CHROME_DESKTOP = code-url-handler.desktop
# environment
DBUS_SESSION_BUS_ADDRESS = unix:path=/run/user/1000/bus
# automatic
<D = $(patsubst %/,%,$(dir $<))
# environment
VSCODE_NLS_CONFIG = {"locale":"en-us","availableLanguages":{},"_languagePackSupport":true}
# default
MAKE_HOST := x86_64-redhat-linux-gnu
# makefile
SHELL = /bin/sh
# default
MAKECMDGOALS := all
# environment
XMODIFIERS = @im=ibus
# environment
GJS_DEBUG_TOPICS = JS ERROR;JS LOG
# environment
SHLVL = 0
# environment
MAKELEVEL := 0
# default
MAKE = $(MAKE_COMMAND)
# environment
PATH = /usr/lib/jvm/zulu-17/bin:/usr/lib/jvm/zulu-17/bin:/usr/local/bin:/usr/local/sbin:/usr/bin:/usr/sbin
# environment
MOZ_GMP_PATH = /usr/lib64/mozilla/plugins/gmp-gmpopenh264/system-installed
# default
MAKEFILES := 
# environment
LC_MONETARY = pl_PL.UTF-8
# automatic
^F = $(notdir $^)
# environment
LC_TIME = pl_PL.UTF-8
# environment
INVOCATION_ID = 8565cf0d6dac45109fdf73839b82ecc1
# environment
VSCODE_LOG_NATIVE = false
# environment
USERNAME = olile
# environment
GNOME_SETUP_DISPLAY = :1
# automatic
?F = $(notdir $?)
# environment
GUESTFISH_PS1 = \[\e[1;32m\]><fs>\[\e[0;31m\] 
# environment
XDG_CURRENT_DESKTOP = GNOME
# automatic
+F = $(notdir $+)
# environment
DESKTOP_SESSION = gnome
# environment
ORIGINAL_XDG_CURRENT_DESKTOP = GNOME
# 'override' directive
GNUMAKEFLAGS := 
# environment
LOGNAME = olile
# environment
GIO_LAUNCHED_DESKTOP_FILE = /usr/share/applications/code.desktop
# makefile
.DEFAULT_GOAL := all
# environment
SYSTEMD_EXEC_PID = 2395
# environment
HISTCONTROL = ignoreboth:erasedups
# environment
EDITOR = micro
# environment
DISPLAY = :0
# environment
USER = olile
# default
MAKE_VERSION := 4.3
# environment
MANAGERPID = 2232
# environment
which_declare = declare -f
# environment
LC_MEASUREMENT = pl_PL.UTF-8
# environment
DEBUGINFOD_URLS = https://debuginfod.fedoraproject.org/ 
 
# environment
GIO_LAUNCHED_DESKTOP_FILE_PID = 61014
# environment
_ = /usr/bin/make
# environment
LC_PAPER = pl_PL.UTF-8
# environment
XDG_RUNTIME_DIR = /run/user/1000
# environment
JOURNAL_STREAM = 8:39163
# environment
VISUAL = micro
# environment
XDG_SESSION_CLASS = user
# environment
VSCODE_AMD_ENTRYPOINT = vs/workbench/api/node/extensionHostProcess
# environment
HOME = /home/olile
# environment
QT_IM_MODULE = ibus
# environment
ELECTRON_RUN_AS_NODE = 1
# environment
VSCODE_IPC_HOOK = /run/user/1000/vscode-357a81e6-1.68.1-main.sock
# default
.RECIPEPREFIX := 
# automatic
<F = $(notdir $<)
# default
SUFFIXES := 
# environment
GUESTFISH_RESTORE = \e[0m
# default
.FEATURES := target-specific order-only second-expansion else-if shortest-stem undefine oneshell nocomment grouped-target extra-prereqs archives jobserver output-sync check-symlink guile load
# environment
XDG_MENU_PREFIX = gnome-
# environment
GDMSESSION = gnome
# variable set hash-table stats:
# Load=113/1024=11%, Rehash=0, Collisions=5/146=3%

# Pattern-specific Variable Values

# No pattern-specific variable values.

# Directories

# . (device 40, inode 3766496): 12 files, no impossibilities.

# 12 files, no impossibilities in 1 directories.

# Implicit Rules

# No implicit rules.

# Files

# Not a target:
.DEFAULT:
#  Implicit rule search has not been done.
#  Modification time never checked.
#  File has not been updated.

all:
#  Command line target.
#  Implicit rule search has not been done.
#  Implicit/static pattern stem: ''
#  File does not exist.
#  File has been updated.
#  Needs to be updated (-q is set).
# automatic
# @ := all
# automatic
# * := 
# automatic
# < := 
# automatic
# + := 
# automatic
# % := 
# automatic
# ^ := 
# automatic
# ? := 
# automatic
# | := 
# variable set hash-table stats:
# Load=8/32=25%, Rehash=0, Collisions=1/11=9%
#  recipe to execute (from 'makefile', line 2):
	g++ -c main.cpp
	g++ main.o -o main -lsfml-graphics -lsfml-window -lsfml-system
	./main

win64:
#  Implicit rule search has not been done.
#  Modification time never checked.
#  File has not been updated.
#  recipe to execute (from 'makefile', line 6):
	x86_64-w64-mingw32-g++ -c main.cpp -o main.bin -I /usr/share/SFML/include/
	x86_64-w64-mingw32-g++ main.bin -o main.exe -lsfml-graphics -lsfml-window -lsfml-system

# Not a target:
makefile:
#  Implicit rule search has been done.
#  Last modified 2022-07-17 18:40:05.074925269
#  File has been updated.
 
#  Successfully updated.

# Not a target:
.SUFFIXES:
#  Implicit rule search has not been done.
#  Modification time never checked.
#  File has not been updated.

# files hash-table stats:
# Load=5/1024=0%, Rehash=0, Collisions=0/17=0%
# VPATH Search Paths

# No 'vpath' search paths.

# No general ('VPATH' variable) search path.

# strcache buffers: 1 (0) / strings = 18 / storage = 151 B / avg = 8 B
# current buf: size = 8162 B / used = 151 B / count = 18 / avg = 8 B

# strcache performance: lookups = 26 / hit rate = 30%
# hash-table stats:
# Load=18/8192=0%, Rehash=0, Collisions=0/26=0%
# Finished Make data base on Sun Jul 17 18:40:06 2022

 
